INFO:root:2018-02-21 11:59:04.049616: Network up
DEBUG:urllib3.util.retry:Converted retries value: 3 -> Retry(total=3, connect=None, read=None, redirect=None, status=None)
DEBUG:google.auth.transport.requests:Making request: POST https://accounts.google.com/o/oauth2/token
DEBUG:urllib3.connectionpool:Starting new HTTPS connection (1): accounts.google.com
DEBUG:urllib3.connectionpool:https://accounts.google.com:443 "POST /o/oauth2/token HTTP/1.1" 200 None
DEBUG:urllib3.connectionpool:Starting new HTTPS connection (1): speedcare-lode.firebaseio.com
DEBUG:urllib3.connectionpool:https://speedcare-lode.firebaseio.com:443 "GET /Relations.json HTTP/1.1" 200 56
INFO:root:2018-02-21 11:59:05.229132: start
DEBUG:urllib3.connectionpool:https://speedcare-lode.firebaseio.com:443 "POST /0qxj0RU91xWF0eRdFnen9OvSIy42/2018/2/21/11:59:05.json HTTP/1.1" 200 31
DEBUG:urllib3.connectionpool:https://speedcare-lode.firebaseio.com:443 "POST /0qxj0RU91xWF0eRdFnen9OvSIy42/2018/2/21/11:59:05.json HTTP/1.1" 200 31
DEBUG:urllib3.connectionpool:https://speedcare-lode.firebaseio.com:443 "POST /0qxj0RU91xWF0eRdFnen9OvSIy42/2018/2/21/11:59:06.json HTTP/1.1" 200 31
DEBUG:urllib3.connectionpool:https://speedcare-lode.firebaseio.com:443 "POST /0qxj0RU91xWF0eRdFnen9OvSIy42/2018/2/21/11:59:07.json HTTP/1.1" 200 31
DEBUG:urllib3.connectionpool:https://speedcare-lode.firebaseio.com:443 "POST /0qxj0RU91xWF0eRdFnen9OvSIy42/2018/2/21/11:59:08.json HTTP/1.1" 200 31
DEBUG:urllib3.connectionpool:https://speedcare-lode.firebaseio.com:443 "POST /0qxj0RU91xWF0eRdFnen9OvSIy42/2018/2/21/11:59:09.json HTTP/1.1" 200 31
DEBUG:urllib3.connectionpool:https://speedcare-lode.firebaseio.com:443 "POST /0qxj0RU91xWF0eRdFnen9OvSIy42/2018/2/21/11:59:10.json HTTP/1.1" 200 31
DEBUG:urllib3.connectionpool:https://speedcare-lode.firebaseio.com:443 "POST /0qxj0RU91xWF0eRdFnen9OvSIy42/2018/2/21/11:59:11.json HTTP/1.1" 200 31
DEBUG:urllib3.connectionpool:https://speedcare-lode.firebaseio.com:443 "POST /0qxj0RU91xWF0eRdFnen9OvSIy42/2018/2/21/11:59:12.json HTTP/1.1" 200 31
DEBUG:urllib3.connectionpool:https://speedcare-lode.firebaseio.com:443 "POST /0qxj0RU91xWF0eRdFnen9OvSIy42/2018/2/21/11:59:13.json HTTP/1.1" 200 31
DEBUG:urllib3.connectionpool:https://speedcare-lode.firebaseio.com:443 "POST /0qxj0RU91xWF0eRdFnen9OvSIy42/2018/2/21/11:59:14.json HTTP/1.1" 200 31
INFO:root:2018-02-21 11:59:15.535362: close
INFO:root:2018-02-21 14:32:56.683960: Network up
DEBUG:urllib3.util.retry:Converted retries value: 3 -> Retry(total=3, connect=None, read=None, redirect=None, status=None)
DEBUG:google.auth.transport.requests:Making request: POST https://accounts.google.com/o/oauth2/token
DEBUG:urllib3.connectionpool:Starting new HTTPS connection (1): accounts.google.com
DEBUG:urllib3.connectionpool:https://accounts.google.com:443 "POST /o/oauth2/token HTTP/1.1" 200 None
DEBUG:urllib3.connectionpool:Starting new HTTPS connection (1): speedcare-lode.firebaseio.com
DEBUG:urllib3.connectionpool:https://speedcare-lode.firebaseio.com:443 "GET /Relations.json HTTP/1.1" 200 56
INFO:root:2018-02-21 14:32:58.070441: start
INFO:root:2018-02-21 14:32:58.072156: close
INFO:root:2018-02-21 14:35:19.023371: Network up
DEBUG:urllib3.util.retry:Converted retries value: 3 -> Retry(total=3, connect=None, read=None, redirect=None, status=None)
DEBUG:google.auth.transport.requests:Making request: POST https://accounts.google.com/o/oauth2/token
DEBUG:urllib3.connectionpool:Starting new HTTPS connection (1): accounts.google.com
DEBUG:urllib3.connectionpool:https://accounts.google.com:443 "POST /o/oauth2/token HTTP/1.1" 200 None
DEBUG:urllib3.connectionpool:Starting new HTTPS connection (1): speedcare-lode.firebaseio.com
DEBUG:urllib3.connectionpool:https://speedcare-lode.firebaseio.com:443 "GET /Relations.json HTTP/1.1" 200 56
INFO:root:2018-02-21 14:35:20.158740: start
DEBUG:urllib3.connectionpool:https://speedcare-lode.firebaseio.com:443 "POST /0qxj0RU91xWF0eRdFnen9OvSIy42/2018/2/21/14:35:20.json HTTP/1.1" 200 31
DEBUG:urllib3.connectionpool:https://speedcare-lode.firebaseio.com:443 "POST /0qxj0RU91xWF0eRdFnen9OvSIy42/2018/2/21/14:35:20.json HTTP/1.1" 200 31
DEBUG:urllib3.connectionpool:https://speedcare-lode.firebaseio.com:443 "POST /0qxj0RU91xWF0eRdFnen9OvSIy42/2018/2/21/14:35:21.json HTTP/1.1" 200 31
DEBUG:urllib3.connectionpool:https://speedcare-lode.firebaseio.com:443 "POST /0qxj0RU91xWF0eRdFnen9OvSIy42/2018/2/21/14:35:22.json HTTP/1.1" 200 31
DEBUG:urllib3.connectionpool:https://speedcare-lode.firebaseio.com:443 "POST /0qxj0RU91xWF0eRdFnen9OvSIy42/2018/2/21/14:35:23.json HTTP/1.1" 200 31
INFO:root:2018-02-21 14:35:24.582111: close
INFO:root:2018-02-21 14:43:16.728450: Network up
DEBUG:urllib3.util.retry:Converted retries value: 3 -> Retry(total=3, connect=None, read=None, redirect=None, status=None)
DEBUG:google.auth.transport.requests:Making request: POST https://accounts.google.com/o/oauth2/token
DEBUG:urllib3.connectionpool:Starting new HTTPS connection (1): accounts.google.com
DEBUG:urllib3.connectionpool:https://accounts.google.com:443 "POST /o/oauth2/token HTTP/1.1" 200 None
DEBUG:urllib3.connectionpool:Starting new HTTPS connection (1): speedcare-lode.firebaseio.com
DEBUG:urllib3.connectionpool:https://speedcare-lode.firebaseio.com:443 "GET /Relations.json HTTP/1.1" 200 56
INFO:root:2018-02-21 14:43:17.863447: start
DEBUG:urllib3.connectionpool:https://speedcare-lode.firebaseio.com:443 "POST /0qxj0RU91xWF0eRdFnen9OvSIy42/2018/2/21/14:43:17.json HTTP/1.1" 200 31
DEBUG:urllib3.connectionpool:https://speedcare-lode.firebaseio.com:443 "POST /0qxj0RU91xWF0eRdFnen9OvSIy42/2018/2/21/14:43:18.json HTTP/1.1" 200 31
DEBUG:urllib3.connectionpool:https://speedcare-lode.firebaseio.com:443 "POST /0qxj0RU91xWF0eRdFnen9OvSIy42/2018/2/21/14:43:19.json HTTP/1.1" 200 31
DEBUG:urllib3.connectionpool:https://speedcare-lode.firebaseio.com:443 "POST /0qxj0RU91xWF0eRdFnen9OvSIy42/2018/2/21/14:43:20.json HTTP/1.1" 200 31
DEBUG:urllib3.connectionpool:https://speedcare-lode.firebaseio.com:443 "POST /0qxj0RU91xWF0eRdFnen9OvSIy42/2018/2/21/14:43:21.json HTTP/1.1" 200 31
INFO:root:2018-02-21 14:43:22.695059: close
INFO:root:2018-02-21 14:44:19.633058: Network up
DEBUG:urllib3.util.retry:Converted retries value: 3 -> Retry(total=3, connect=None, read=None, redirect=None, status=None)
DEBUG:google.auth.transport.requests:Making request: POST https://accounts.google.com/o/oauth2/token
DEBUG:urllib3.connectionpool:Starting new HTTPS connection (1): accounts.google.com
DEBUG:urllib3.connectionpool:https://accounts.google.com:443 "POST /o/oauth2/token HTTP/1.1" 200 None
DEBUG:urllib3.connectionpool:Starting new HTTPS connection (1): speedcare-lode.firebaseio.com
DEBUG:urllib3.connectionpool:https://speedcare-lode.firebaseio.com:443 "GET /Relations.json HTTP/1.1" 200 56
INFO:root:2018-02-21 14:44:20.787439: start
DEBUG:urllib3.connectionpool:https://speedcare-lode.firebaseio.com:443 "POST /0qxj0RU91xWF0eRdFnen9OvSIy42/2018/2/21/14:44:20.json HTTP/1.1" 200 31
DEBUG:urllib3.connectionpool:https://speedcare-lode.firebaseio.com:443 "POST /0qxj0RU91xWF0eRdFnen9OvSIy42/2018/2/21/14:44:21.json HTTP/1.1" 200 31
DEBUG:urllib3.connectionpool:https://speedcare-lode.firebaseio.com:443 "POST /0qxj0RU91xWF0eRdFnen9OvSIy42/2018/2/21/14:44:22.json HTTP/1.1" 200 31
DEBUG:urllib3.connectionpool:https://speedcare-lode.firebaseio.com:443 "POST /0qxj0RU91xWF0eRdFnen9OvSIy42/2018/2/21/14:44:23.json HTTP/1.1" 200 31
INFO:root:2018-02-21 14:44:24.763644: close
INFO:root:2018-02-21 14:45:07.147810: Network up
DEBUG:urllib3.util.retry:Converted retries value: 3 -> Retry(total=3, connect=None, read=None, redirect=None, status=None)
DEBUG:google.auth.transport.requests:Making request: POST https://accounts.google.com/o/oauth2/token
DEBUG:urllib3.connectionpool:Starting new HTTPS connection (1): accounts.google.com
DEBUG:urllib3.connectionpool:https://accounts.google.com:443 "POST /o/oauth2/token HTTP/1.1" 200 None
DEBUG:urllib3.connectionpool:Starting new HTTPS connection (1): speedcare-lode.firebaseio.com
DEBUG:urllib3.connectionpool:https://speedcare-lode.firebaseio.com:443 "GET /Relations.json HTTP/1.1" 200 56
INFO:root:2018-02-21 14:45:08.670497: start
DEBUG:urllib3.connectionpool:https://speedcare-lode.firebaseio.com:443 "POST /0qxj0RU91xWF0eRdFnen9OvSIy42/2018/2/21/14:45:08.json HTTP/1.1" 200 31
DEBUG:urllib3.connectionpool:https://speedcare-lode.firebaseio.com:443 "POST /0qxj0RU91xWF0eRdFnen9OvSIy42/2018/2/21/14:45:08.json HTTP/1.1" 200 31
DEBUG:urllib3.connectionpool:https://speedcare-lode.firebaseio.com:443 "POST /0qxj0RU91xWF0eRdFnen9OvSIy42/2018/2/21/14:45:09.json HTTP/1.1" 200 31
DEBUG:urllib3.connectionpool:https://speedcare-lode.firebaseio.com:443 "POST /0qxj0RU91xWF0eRdFnen9OvSIy42/2018/2/21/14:45:10.json HTTP/1.1" 200 31
DEBUG:urllib3.connectionpool:https://speedcare-lode.firebaseio.com:443 "POST /0qxj0RU91xWF0eRdFnen9OvSIy42/2018/2/21/14:45:11.json HTTP/1.1" 200 31
INFO:root:2018-02-21 14:45:12.559607: close
INFO:root:2018-02-21 14:45:21.886831: Network up
DEBUG:urllib3.util.retry:Converted retries value: 3 -> Retry(total=3, connect=None, read=None, redirect=None, status=None)
DEBUG:google.auth.transport.requests:Making request: POST https://accounts.google.com/o/oauth2/token
DEBUG:urllib3.connectionpool:Starting new HTTPS connection (1): accounts.google.com
DEBUG:urllib3.connectionpool:https://accounts.google.com:443 "POST /o/oauth2/token HTTP/1.1" 200 None
DEBUG:urllib3.connectionpool:Starting new HTTPS connection (1): speedcare-lode.firebaseio.com
DEBUG:urllib3.connectionpool:https://speedcare-lode.firebaseio.com:443 "GET /Relations.json HTTP/1.1" 200 56
INFO:root:2018-02-21 14:45:22.994376: start
DEBUG:urllib3.connectionpool:https://speedcare-lode.firebaseio.com:443 "POST /0qxj0RU91xWF0eRdFnen9OvSIy42/2018/2/21/14:45:23.json HTTP/1.1" 200 31
DEBUG:urllib3.connectionpool:https://speedcare-lode.firebaseio.com:443 "POST /0qxj0RU91xWF0eRdFnen9OvSIy42/2018/2/21/14:45:23.json HTTP/1.1" 200 31
DEBUG:urllib3.connectionpool:https://speedcare-lode.firebaseio.com:443 "POST /0qxj0RU91xWF0eRdFnen9OvSIy42/2018/2/21/14:45:24.json HTTP/1.1" 200 31
DEBUG:urllib3.connectionpool:https://speedcare-lode.firebaseio.com:443 "POST /0qxj0RU91xWF0eRdFnen9OvSIy42/2018/2/21/14:45:25.json HTTP/1.1" 200 31
DEBUG:urllib3.connectionpool:https://speedcare-lode.firebaseio.com:443 "POST /0qxj0RU91xWF0eRdFnen9OvSIy42/2018/2/21/14:45:26.json HTTP/1.1" 200 31
DEBUG:urllib3.connectionpool:https://speedcare-lode.firebaseio.com:443 "POST /0qxj0RU91xWF0eRdFnen9OvSIy42/2018/2/21/14:45:27.json HTTP/1.1" 200 31
INFO:root:2018-02-21 14:45:28.609220: close
INFO:root:2018-02-21 14:45:53.877984: Network up
DEBUG:urllib3.util.retry:Converted retries value: 3 -> Retry(total=3, connect=None, read=None, redirect=None, status=None)
DEBUG:google.auth.transport.requests:Making request: POST https://accounts.google.com/o/oauth2/token
DEBUG:urllib3.connectionpool:Starting new HTTPS connection (1): accounts.google.com
DEBUG:urllib3.connectionpool:https://accounts.google.com:443 "POST /o/oauth2/token HTTP/1.1" 200 None
DEBUG:urllib3.connectionpool:Starting new HTTPS connection (1): speedcare-lode.firebaseio.com
DEBUG:urllib3.connectionpool:https://speedcare-lode.firebaseio.com:443 "GET /Relations.json HTTP/1.1" 200 56
INFO:root:2018-02-21 14:45:54.998769: pk not active
INFO:root:2018-02-21 14:46:38.827565: Network up
DEBUG:urllib3.util.retry:Converted retries value: 3 -> Retry(total=3, connect=None, read=None, redirect=None, status=None)
DEBUG:google.auth.transport.requests:Making request: POST https://accounts.google.com/o/oauth2/token
DEBUG:urllib3.connectionpool:Starting new HTTPS connection (1): accounts.google.com
DEBUG:urllib3.connectionpool:https://accounts.google.com:443 "POST /o/oauth2/token HTTP/1.1" 200 None
DEBUG:urllib3.connectionpool:Starting new HTTPS connection (1): speedcare-lode.firebaseio.com
DEBUG:urllib3.connectionpool:https://speedcare-lode.firebaseio.com:443 "GET /Relations.json HTTP/1.1" 200 56
INFO:root:2018-02-21 14:46:40.269047: start
DEBUG:urllib3.connectionpool:https://speedcare-lode.firebaseio.com:443 "POST /0qxj0RU91xWF0eRdFnen9OvSIy42/2018/2/21/14:46:40.json HTTP/1.1" 200 31
DEBUG:urllib3.connectionpool:https://speedcare-lode.firebaseio.com:443 "POST /0qxj0RU91xWF0eRdFnen9OvSIy42/2018/2/21/14:46:40.json HTTP/1.1" 200 31
DEBUG:urllib3.connectionpool:https://speedcare-lode.firebaseio.com:443 "POST /0qxj0RU91xWF0eRdFnen9OvSIy42/2018/2/21/14:46:41.json HTTP/1.1" 200 31
DEBUG:urllib3.connectionpool:https://speedcare-lode.firebaseio.com:443 "POST /0qxj0RU91xWF0eRdFnen9OvSIy42/2018/2/21/14:46:42.json HTTP/1.1" 200 31
DEBUG:urllib3.connectionpool:https://speedcare-lode.firebaseio.com:443 "POST /0qxj0RU91xWF0eRdFnen9OvSIy42/2018/2/21/14:46:43.json HTTP/1.1" 200 31
INFO:root:2018-02-21 14:46:44.185946: close
INFO:root:2018-02-21 14:48:25.885871: Network up
DEBUG:urllib3.util.retry:Converted retries value: 3 -> Retry(total=3, connect=None, read=None, redirect=None, status=None)
DEBUG:google.auth.transport.requests:Making request: POST https://accounts.google.com/o/oauth2/token
DEBUG:urllib3.connectionpool:Starting new HTTPS connection (1): accounts.google.com
DEBUG:urllib3.connectionpool:https://accounts.google.com:443 "POST /o/oauth2/token HTTP/1.1" 200 None
DEBUG:urllib3.connectionpool:Starting new HTTPS connection (1): speedcare-lode.firebaseio.com
DEBUG:urllib3.connectionpool:https://speedcare-lode.firebaseio.com:443 "GET /Relations.json HTTP/1.1" 200 56
INFO:root:2018-02-21 14:48:27.342833: start
DEBUG:urllib3.connectionpool:https://speedcare-lode.firebaseio.com:443 "POST /0qxj0RU91xWF0eRdFnen9OvSIy42/2018/2/21/14:48:27.json HTTP/1.1" 200 31
DEBUG:urllib3.connectionpool:https://speedcare-lode.firebaseio.com:443 "POST /0qxj0RU91xWF0eRdFnen9OvSIy42/2018/2/21/14:48:27.json HTTP/1.1" 200 31
DEBUG:urllib3.connectionpool:https://speedcare-lode.firebaseio.com:443 "POST /0qxj0RU91xWF0eRdFnen9OvSIy42/2018/2/21/14:48:28.json HTTP/1.1" 200 31
DEBUG:urllib3.connectionpool:https://speedcare-lode.firebaseio.com:443 "POST /0qxj0RU91xWF0eRdFnen9OvSIy42/2018/2/21/14:48:28.json HTTP/1.1" 200 31
DEBUG:urllib3.connectionpool:https://speedcare-lode.firebaseio.com:443 "POST /0qxj0RU91xWF0eRdFnen9OvSIy42/2018/2/21/14:48:28.json HTTP/1.1" 200 31
DEBUG:urllib3.connectionpool:https://speedcare-lode.firebaseio.com:443 "POST /0qxj0RU91xWF0eRdFnen9OvSIy42/2018/2/21/14:48:29.json HTTP/1.1" 200 31
DEBUG:urllib3.connectionpool:https://speedcare-lode.firebaseio.com:443 "POST /0qxj0RU91xWF0eRdFnen9OvSIy42/2018/2/21/14:48:30.json HTTP/1.1" 200 31
DEBUG:urllib3.connectionpool:https://speedcare-lode.firebaseio.com:443 "POST /0qxj0RU91xWF0eRdFnen9OvSIy42/2018/2/21/14:48:31.json HTTP/1.1" 200 31
DEBUG:urllib3.connectionpool:https://speedcare-lode.firebaseio.com:443 "POST /0qxj0RU91xWF0eRdFnen9OvSIy42/2018/2/21/14:48:32.json HTTP/1.1" 200 31
DEBUG:urllib3.connectionpool:https://speedcare-lode.firebaseio.com:443 "POST /0qxj0RU91xWF0eRdFnen9OvSIy42/2018/2/21/14:48:33.json HTTP/1.1" 200 31
DEBUG:urllib3.connectionpool:https://speedcare-lode.firebaseio.com:443 "POST /0qxj0RU91xWF0eRdFnen9OvSIy42/2018/2/21/14:48:34.json HTTP/1.1" 200 31
INFO:root:2018-02-21 14:48:35.202755: close
INFO:root:2018-02-21 14:49:31.657696: Network up
DEBUG:urllib3.util.retry:Converted retries value: 3 -> Retry(total=3, connect=None, read=None, redirect=None, status=None)
DEBUG:google.auth.transport.requests:Making request: POST https://accounts.google.com/o/oauth2/token
DEBUG:urllib3.connectionpool:Starting new HTTPS connection (1): accounts.google.com
DEBUG:urllib3.connectionpool:https://accounts.google.com:443 "POST /o/oauth2/token HTTP/1.1" 200 None
DEBUG:urllib3.connectionpool:Starting new HTTPS connection (1): speedcare-lode.firebaseio.com
DEBUG:urllib3.connectionpool:https://speedcare-lode.firebaseio.com:443 "GET /Relations.json HTTP/1.1" 200 56
INFO:root:2018-02-21 14:49:32.959971: start
DEBUG:urllib3.connectionpool:https://speedcare-lode.firebaseio.com:443 "POST /0qxj0RU91xWF0eRdFnen9OvSIy42/2018/2/21/14:49:33.json HTTP/1.1" 200 31
DEBUG:urllib3.connectionpool:https://speedcare-lode.firebaseio.com:443 "POST /0qxj0RU91xWF0eRdFnen9OvSIy42/2018/2/21/14:49:33.json HTTP/1.1" 200 31
DEBUG:urllib3.connectionpool:https://speedcare-lode.firebaseio.com:443 "POST /0qxj0RU91xWF0eRdFnen9OvSIy42/2018/2/21/14:49:34.json HTTP/1.1" 200 31
DEBUG:urllib3.connectionpool:https://speedcare-lode.firebaseio.com:443 "POST /0qxj0RU91xWF0eRdFnen9OvSIy42/2018/2/21/14:49:35.json HTTP/1.1" 200 31
DEBUG:urllib3.connectionpool:https://speedcare-lode.firebaseio.com:443 "POST /0qxj0RU91xWF0eRdFnen9OvSIy42/2018/2/21/14:49:36.json HTTP/1.1" 200 31
DEBUG:urllib3.connectionpool:https://speedcare-lode.firebaseio.com:443 "POST /0qxj0RU91xWF0eRdFnen9OvSIy42/2018/2/21/14:49:37.json HTTP/1.1" 200 31
DEBUG:urllib3.connectionpool:https://speedcare-lode.firebaseio.com:443 "POST /0qxj0RU91xWF0eRdFnen9OvSIy42/2018/2/21/14:49:38.json HTTP/1.1" 200 31
INFO:root:2018-02-21 14:49:38.967884: close
INFO:root:2018-02-21 14:50:39.719929: Network up
DEBUG:urllib3.util.retry:Converted retries value: 3 -> Retry(total=3, connect=None, read=None, redirect=None, status=None)
DEBUG:google.auth.transport.requests:Making request: POST https://accounts.google.com/o/oauth2/token
DEBUG:urllib3.connectionpool:Starting new HTTPS connection (1): accounts.google.com
DEBUG:urllib3.connectionpool:https://accounts.google.com:443 "POST /o/oauth2/token HTTP/1.1" 200 None
DEBUG:urllib3.connectionpool:Starting new HTTPS connection (1): speedcare-lode.firebaseio.com
DEBUG:urllib3.connectionpool:https://speedcare-lode.firebaseio.com:443 "GET /Relations.json HTTP/1.1" 200 56
INFO:root:2018-02-21 14:50:41.680574: start
DEBUG:urllib3.connectionpool:https://speedcare-lode.firebaseio.com:443 "POST /0qxj0RU91xWF0eRdFnen9OvSIy42/2018/2/21/14:50:41.json HTTP/1.1" 200 31
DEBUG:urllib3.connectionpool:https://speedcare-lode.firebaseio.com:443 "POST /0qxj0RU91xWF0eRdFnen9OvSIy42/2018/2/21/14:50:41.json HTTP/1.1" 200 31
DEBUG:urllib3.connectionpool:https://speedcare-lode.firebaseio.com:443 "POST /0qxj0RU91xWF0eRdFnen9OvSIy42/2018/2/21/14:50:42.json HTTP/1.1" 200 31
DEBUG:urllib3.connectionpool:https://speedcare-lode.firebaseio.com:443 "POST /0qxj0RU91xWF0eRdFnen9OvSIy42/2018/2/21/14:50:43.json HTTP/1.1" 200 31
DEBUG:urllib3.connectionpool:https://speedcare-lode.firebaseio.com:443 "POST /0qxj0RU91xWF0eRdFnen9OvSIy42/2018/2/21/14:50:44.json HTTP/1.1" 200 31
DEBUG:urllib3.connectionpool:https://speedcare-lode.firebaseio.com:443 "POST /0qxj0RU91xWF0eRdFnen9OvSIy42/2018/2/21/14:50:45.json HTTP/1.1" 200 31
DEBUG:urllib3.connectionpool:https://speedcare-lode.firebaseio.com:443 "POST /0qxj0RU91xWF0eRdFnen9OvSIy42/2018/2/21/14:50:46.json HTTP/1.1" 200 31
INFO:root:2018-02-21 14:50:46.906409: close
INFO:root:2018-02-21 14:51:19.630109: Network up
DEBUG:urllib3.util.retry:Converted retries value: 3 -> Retry(total=3, connect=None, read=None, redirect=None, status=None)
DEBUG:google.auth.transport.requests:Making request: POST https://accounts.google.com/o/oauth2/token
DEBUG:urllib3.connectionpool:Starting new HTTPS connection (1): accounts.google.com
DEBUG:urllib3.connectionpool:https://accounts.google.com:443 "POST /o/oauth2/token HTTP/1.1" 200 None
DEBUG:urllib3.connectionpool:Starting new HTTPS connection (1): speedcare-lode.firebaseio.com
DEBUG:urllib3.connectionpool:https://speedcare-lode.firebaseio.com:443 "GET /Relations.json HTTP/1.1" 200 56
INFO:root:2018-02-21 14:51:20.818507: start
DEBUG:urllib3.connectionpool:https://speedcare-lode.firebaseio.com:443 "POST /0qxj0RU91xWF0eRdFnen9OvSIy42/2018/2/21/14:51:20.json HTTP/1.1" 200 31
DEBUG:urllib3.connectionpool:https://speedcare-lode.firebaseio.com:443 "POST /0qxj0RU91xWF0eRdFnen9OvSIy42/2018/2/21/14:51:21.json HTTP/1.1" 200 31
DEBUG:urllib3.connectionpool:https://speedcare-lode.firebaseio.com:443 "POST /0qxj0RU91xWF0eRdFnen9OvSIy42/2018/2/21/14:51:22.json HTTP/1.1" 200 31
DEBUG:urllib3.connectionpool:https://speedcare-lode.firebaseio.com:443 "POST /0qxj0RU91xWF0eRdFnen9OvSIy42/2018/2/21/14:51:23.json HTTP/1.1" 200 31
DEBUG:urllib3.connectionpool:https://speedcare-lode.firebaseio.com:443 "POST /0qxj0RU91xWF0eRdFnen9OvSIy42/2018/2/21/14:51:24.json HTTP/1.1" 200 31
DEBUG:urllib3.connectionpool:https://speedcare-lode.firebaseio.com:443 "POST /0qxj0RU91xWF0eRdFnen9OvSIy42/2018/2/21/14:51:25.json HTTP/1.1" 200 31
DEBUG:urllib3.connectionpool:https://speedcare-lode.firebaseio.com:443 "POST /0qxj0RU91xWF0eRdFnen9OvSIy42/2018/2/21/14:51:26.json HTTP/1.1" 200 31
INFO:root:2018-02-21 14:51:27.528555: close
INFO:root:2018-02-21 14:53:21.621209: Network up
DEBUG:urllib3.util.retry:Converted retries value: 3 -> Retry(total=3, connect=None, read=None, redirect=None, status=None)
DEBUG:google.auth.transport.requests:Making request: POST https://accounts.google.com/o/oauth2/token
DEBUG:urllib3.connectionpool:Starting new HTTPS connection (1): accounts.google.com
DEBUG:urllib3.connectionpool:https://accounts.google.com:443 "POST /o/oauth2/token HTTP/1.1" 200 None
DEBUG:urllib3.connectionpool:Starting new HTTPS connection (1): speedcare-lode.firebaseio.com
DEBUG:urllib3.connectionpool:https://speedcare-lode.firebaseio.com:443 "GET /Relations.json HTTP/1.1" 200 56
INFO:root:2018-02-21 14:53:22.845817: start
DEBUG:urllib3.connectionpool:https://speedcare-lode.firebaseio.com:443 "POST /0qxj0RU91xWF0eRdFnen9OvSIy42/2018/2/21/14:53:22.json HTTP/1.1" 200 31
DEBUG:urllib3.connectionpool:https://speedcare-lode.firebaseio.com:443 "POST /0qxj0RU91xWF0eRdFnen9OvSIy42/2018/2/21/14:53:23.json HTTP/1.1" 200 31
INFO:root:2018-02-21 14:53:24.524155: close
INFO:root:2018-02-21 14:54:09.439573: Network up
DEBUG:urllib3.util.retry:Converted retries value: 3 -> Retry(total=3, connect=None, read=None, redirect=None, status=None)
DEBUG:google.auth.transport.requests:Making request: POST https://accounts.google.com/o/oauth2/token
DEBUG:urllib3.connectionpool:Starting new HTTPS connection (1): accounts.google.com
DEBUG:urllib3.connectionpool:https://accounts.google.com:443 "POST /o/oauth2/token HTTP/1.1" 200 None
DEBUG:urllib3.connectionpool:Starting new HTTPS connection (1): speedcare-lode.firebaseio.com
DEBUG:urllib3.connectionpool:https://speedcare-lode.firebaseio.com:443 "GET /Relations.json HTTP/1.1" 200 56
INFO:root:2018-02-21 14:54:11.216849: start
DEBUG:urllib3.connectionpool:https://speedcare-lode.firebaseio.com:443 "POST /0qxj0RU91xWF0eRdFnen9OvSIy42/2018/2/21/14:54:11.json HTTP/1.1" 200 31
DEBUG:urllib3.connectionpool:https://speedcare-lode.firebaseio.com:443 "POST /0qxj0RU91xWF0eRdFnen9OvSIy42/2018/2/21/14:54:11.json HTTP/1.1" 200 31
DEBUG:urllib3.connectionpool:https://speedcare-lode.firebaseio.com:443 "POST /0qxj0RU91xWF0eRdFnen9OvSIy42/2018/2/21/14:54:11.json HTTP/1.1" 200 31
DEBUG:urllib3.connectionpool:https://speedcare-lode.firebaseio.com:443 "POST /0qxj0RU91xWF0eRdFnen9OvSIy42/2018/2/21/14:54:12.json HTTP/1.1" 200 31
INFO:root:2018-02-21 14:54:13.478281: close
INFO:root:2018-02-21 14:54:26.832663: Network up
DEBUG:urllib3.util.retry:Converted retries value: 3 -> Retry(total=3, connect=None, read=None, redirect=None, status=None)
DEBUG:google.auth.transport.requests:Making request: POST https://accounts.google.com/o/oauth2/token
DEBUG:urllib3.connectionpool:Starting new HTTPS connection (1): accounts.google.com
DEBUG:urllib3.connectionpool:https://accounts.google.com:443 "POST /o/oauth2/token HTTP/1.1" 200 None
DEBUG:urllib3.connectionpool:Starting new HTTPS connection (1): speedcare-lode.firebaseio.com
DEBUG:urllib3.connectionpool:https://speedcare-lode.firebaseio.com:443 "GET /Relations.json HTTP/1.1" 200 56
INFO:root:2018-02-21 14:54:28.382184: pk not active
INFO:root:2018-02-21 14:54:38.569101: Network up
DEBUG:urllib3.util.retry:Converted retries value: 3 -> Retry(total=3, connect=None, read=None, redirect=None, status=None)
DEBUG:google.auth.transport.requests:Making request: POST https://accounts.google.com/o/oauth2/token
DEBUG:urllib3.connectionpool:Starting new HTTPS connection (1): accounts.google.com
DEBUG:urllib3.connectionpool:https://accounts.google.com:443 "POST /o/oauth2/token HTTP/1.1" 200 None
DEBUG:urllib3.connectionpool:Starting new HTTPS connection (1): speedcare-lode.firebaseio.com
DEBUG:urllib3.connectionpool:https://speedcare-lode.firebaseio.com:443 "GET /Relations.json HTTP/1.1" 200 56
INFO:root:2018-02-21 14:54:39.665319: start
DEBUG:urllib3.connectionpool:https://speedcare-lode.firebaseio.com:443 "POST /0qxj0RU91xWF0eRdFnen9OvSIy42/2018/2/21/14:54:39.json HTTP/1.1" 200 31
DEBUG:urllib3.connectionpool:https://speedcare-lode.firebaseio.com:443 "POST /0qxj0RU91xWF0eRdFnen9OvSIy42/2018/2/21/14:54:40.json HTTP/1.1" 200 31
DEBUG:urllib3.connectionpool:https://speedcare-lode.firebaseio.com:443 "POST /0qxj0RU91xWF0eRdFnen9OvSIy42/2018/2/21/14:54:41.json HTTP/1.1" 200 31
DEBUG:urllib3.connectionpool:https://speedcare-lode.firebaseio.com:443 "POST /0qxj0RU91xWF0eRdFnen9OvSIy42/2018/2/21/14:54:42.json HTTP/1.1" 200 31
DEBUG:urllib3.connectionpool:https://speedcare-lode.firebaseio.com:443 "POST /0qxj0RU91xWF0eRdFnen9OvSIy42/2018/2/21/14:54:43.json HTTP/1.1" 200 31
INFO:root:2018-02-21 14:54:43.812339: close
